2023-12-18 23:12:671 INFO  LoginPage :45 - Send Admin to username field : [[ChromeDriver: chrome on windows (8477c4f9e640c9b5ef3594f5bb979535)] -> xpath: //input[@placeholder='Username']]
2023-12-18 23:12:761 INFO  LoginPage :50 - Send admin123 to password field : [[ChromeDriver: chrome on windows (8477c4f9e640c9b5ef3594f5bb979535)] -> xpath: //input[@placeholder='Password']]
2023-12-18 23:12:824 INFO  LoginPage :55 - Clicking on Login button : [[ChromeDriver: chrome on windows (8477c4f9e640c9b5ef3594f5bb979535)] -> xpath: //button[normalize-space()='Login']]
2023-12-18 23:12:06 INFO  DashboardPage :27 - Getting text from : [[ChromeDriver: chrome on windows (8477c4f9e640c9b5ef3594f5bb979535)] -> xpath: //h6[normalize-space()='Dashboard']]
2023-12-18 23:12:659 INFO  LoginPage :45 - Send Admin to username field : [[ChromeDriver: chrome on windows (9ea35f3ae722204e681bada2b5e3e6ea)] -> xpath: //input[@placeholder='Username']]
2023-12-18 23:12:758 INFO  LoginPage :50 - Send admin123 to password field : [[ChromeDriver: chrome on windows (9ea35f3ae722204e681bada2b5e3e6ea)] -> xpath: //input[@placeholder='Password']]
2023-12-18 23:12:827 INFO  LoginPage :55 - Clicking on Login button : [[ChromeDriver: chrome on windows (9ea35f3ae722204e681bada2b5e3e6ea)] -> xpath: //button[normalize-space()='Login']]
2023-12-18 23:12:860 INFO  HomePage :40 - Verifying orangeHRM Logo from : [[ChromeDriver: chrome on windows (9ea35f3ae722204e681bada2b5e3e6ea)] -> xpath: //img[@alt='client brand banner']]
2023-12-18 23:12:221 INFO  LoginPage :45 - Send Admin to username field : [[ChromeDriver: chrome on windows (6d2fb61475ebe41133eda73d72937f59)] -> xpath: //input[@placeholder='Username']]
2023-12-18 23:12:316 INFO  LoginPage :50 - Send admin123 to password field : [[ChromeDriver: chrome on windows (6d2fb61475ebe41133eda73d72937f59)] -> xpath: //input[@placeholder='Password']]
2023-12-18 23:12:381 INFO  LoginPage :55 - Clicking on Login button : [[ChromeDriver: chrome on windows (6d2fb61475ebe41133eda73d72937f59)] -> xpath: //button[normalize-space()='Login']]
2023-12-18 23:12:380 INFO  DashboardPage :33 - Clicking on user profile logo : [[ChromeDriver: chrome on windows (6d2fb61475ebe41133eda73d72937f59)] -> xpath: //img[@class='oxd-userdropdown-img']]
2023-12-18 23:12:531 INFO  DashboardPage :38 - Clicking on logout link : [[ChromeDriver: chrome on windows (6d2fb61475ebe41133eda73d72937f59)] -> xpath: //a[normalize-space()='Logout']]
2023-12-18 23:12:701 INFO  LoginPage :59 - Verify text for login panel : [[ChromeDriver: chrome on windows (6d2fb61475ebe41133eda73d72937f59)] -> xpath: //h5[normalize-space()='Login']]
2023-12-18 23:12:896 INFO  LoginPage :45 - Send  to username field : [[ChromeDriver: chrome on windows (89764f4cb50fd38f73fa4a310d7fc987)] -> xpath: //input[@placeholder='Username']]
2023-12-18 23:12:01 INFO  LoginPage :50 - Send  to password field : [[ChromeDriver: chrome on windows (89764f4cb50fd38f73fa4a310d7fc987)] -> xpath: //input[@placeholder='Password']]
2023-12-18 23:12:70 INFO  LoginPage :55 - Clicking on Login button : [[ChromeDriver: chrome on windows (89764f4cb50fd38f73fa4a310d7fc987)] -> xpath: //button[normalize-space()='Login']]
2023-12-18 23:12:87 INFO  LoginPage :64 - Getting username field blank error message : [[ChromeDriver: chrome on windows (89764f4cb50fd38f73fa4a310d7fc987)] -> xpath: //div[@class='orangehrm-login-slot-wrapper']//div[1]//div[1]//span[1]]
2023-12-18 23:12:20 INFO  LoginPage :45 - Send test123@gmail.com to username field : [[ChromeDriver: chrome on windows (dfc5b6220bc70c9c549dc5b89b517407)] -> xpath: //input[@placeholder='Username']]
2023-12-18 23:12:104 INFO  LoginPage :50 - Send  to password field : [[ChromeDriver: chrome on windows (dfc5b6220bc70c9c549dc5b89b517407)] -> xpath: //input[@placeholder='Password']]
2023-12-18 23:12:162 INFO  LoginPage :55 - Clicking on Login button : [[ChromeDriver: chrome on windows (dfc5b6220bc70c9c549dc5b89b517407)] -> xpath: //button[normalize-space()='Login']]
2023-12-18 23:12:179 INFO  LoginPage :69 - Getting password field blank error message : [[ChromeDriver: chrome on windows (dfc5b6220bc70c9c549dc5b89b517407)] -> xpath: //span[@class='oxd-text oxd-text--span oxd-input-field-error-message oxd-input-group__message']]
2023-12-18 23:12:269 INFO  LoginPage :45 - Send  to username field : [[ChromeDriver: chrome on windows (abf4fde5eb3db638a4ee93e002bec8b8)] -> xpath: //input[@placeholder='Username']]
2023-12-18 23:12:383 INFO  LoginPage :50 - Send test123 to password field : [[ChromeDriver: chrome on windows (abf4fde5eb3db638a4ee93e002bec8b8)] -> xpath: //input[@placeholder='Password']]
2023-12-18 23:12:443 INFO  LoginPage :55 - Clicking on Login button : [[ChromeDriver: chrome on windows (abf4fde5eb3db638a4ee93e002bec8b8)] -> xpath: //button[normalize-space()='Login']]
2023-12-18 23:12:462 INFO  LoginPage :64 - Getting username field blank error message : [[ChromeDriver: chrome on windows (abf4fde5eb3db638a4ee93e002bec8b8)] -> xpath: //div[@class='orangehrm-login-slot-wrapper']//div[1]//div[1]//span[1]]
2023-12-18 23:12:337 INFO  LoginPage :45 - Send test123@gmail.com to username field : [[ChromeDriver: chrome on windows (5967fc9518eb12b4e3db972b5efe3fcc)] -> xpath: //input[@placeholder='Username']]
2023-12-18 23:12:424 INFO  LoginPage :50 - Send test123 to password field : [[ChromeDriver: chrome on windows (5967fc9518eb12b4e3db972b5efe3fcc)] -> xpath: //input[@placeholder='Password']]
2023-12-18 23:12:486 INFO  LoginPage :55 - Clicking on Login button : [[ChromeDriver: chrome on windows (5967fc9518eb12b4e3db972b5efe3fcc)] -> xpath: //button[normalize-space()='Login']]
2023-12-18 23:12:39 INFO  LoginPage :74 - Getting invalid credential error message : [[ChromeDriver: chrome on windows (5967fc9518eb12b4e3db972b5efe3fcc)] -> xpath: //p[@class='oxd-text oxd-text--p oxd-alert-content-text']]
2023-12-18 23:12:978 INFO  LoginPage :45 - Send Admin to username field : [[ChromeDriver: chrome on windows (e58d6ace84e6af9ebb2bb415b42ddb8e)] -> xpath: //input[@placeholder='Username']]
2023-12-18 23:12:57 INFO  LoginPage :50 - Send admin123 to password field : [[ChromeDriver: chrome on windows (e58d6ace84e6af9ebb2bb415b42ddb8e)] -> xpath: //input[@placeholder='Password']]
2023-12-18 23:12:134 INFO  LoginPage :55 - Clicking on Login button : [[ChromeDriver: chrome on windows (e58d6ace84e6af9ebb2bb415b42ddb8e)] -> xpath: //button[normalize-space()='Login']]
2023-12-18 23:12:158 INFO  HomePage :46 - Clicking on Admin link : [[ChromeDriver: chrome on windows (e58d6ace84e6af9ebb2bb415b42ddb8e)] -> xpath: //li[1]//a[1]//span[1]]
2023-12-18 23:12:421 INFO  ViewSystemUsersPage :91 - Verifying System Users text : [[ChromeDriver: chrome on windows (e58d6ace84e6af9ebb2bb415b42ddb8e)] -> xpath: //h5[normalize-space()='System Users']]
2023-12-18 23:12:749 INFO  ViewSystemUsersPage :162 - Clicking on Add button : [[ChromeDriver: chrome on windows (e58d6ace84e6af9ebb2bb415b42ddb8e)] -> xpath: //button[normalize-space()='Add']]
2023-12-18 23:12:963 INFO  AddUsersPage :75 - Verifying AddUser text from : [[ChromeDriver: chrome on windows (e58d6ace84e6af9ebb2bb415b42ddb8e)] -> xpath: //h6[normalize-space()='Add User']]
2023-12-18 23:12:995 INFO  AddUsersPage :80 - Clicking on UserRole drop-down : [[ChromeDriver: chrome on windows (e58d6ace84e6af9ebb2bb415b42ddb8e)] -> xpath: (//div[@class = 'oxd-select-wrapper'])[1]]
2023-12-18 23:12:153 INFO  AddUsersPage :85 - Clicking on Admin option in UserRole drop-down : [[ChromeDriver: chrome on windows (e58d6ace84e6af9ebb2bb415b42ddb8e)] -> xpath: //span[contains(text(),'Admin')]]
2023-12-18 23:12:316 INFO  AddUsersPage :96 - Enter Peter Mac Anderson to Employee Name field : [[ChromeDriver: chrome on windows (e58d6ace84e6af9ebb2bb415b42ddb8e)] -> xpath: //input[@placeholder='Type for hints...']]
2023-12-18 23:12:412 INFO  AddUsersPage :116 - Enter Prime78 to User Name field : [[ChromeDriver: chrome on windows (e58d6ace84e6af9ebb2bb415b42ddb8e)] -> xpath: //div[@class = 'oxd-form-row']//input[@class = 'oxd-input oxd-input--active']]
2023-12-18 23:12:464 INFO  AddUsersPage :101 - Clicking on Status drop-down : [[ChromeDriver: chrome on windows (e58d6ace84e6af9ebb2bb415b42ddb8e)] -> xpath: //div[contains(text(),'-- Select --')]]
2023-12-18 23:12:605 INFO  AddUsersPage :106 - Clicking on Disable option in Status drop-down : [[ChromeDriver: chrome on windows (e58d6ace84e6af9ebb2bb415b42ddb8e)] -> xpath: //span[normalize-space()='Disabled']]
2023-12-18 23:12:672 INFO  AddUsersPage :121 - Enter prime123 to Password field : [[ChromeDriver: chrome on windows (e58d6ace84e6af9ebb2bb415b42ddb8e)] -> xpath: //div[@class='oxd-grid-item oxd-grid-item--gutters user-password-cell']//div[@class='oxd-input-group oxd-input-field-bottom-space']//div//input[@type='password']]
2023-12-18 23:12:750 INFO  AddUsersPage :126 - Enter prime123 to Confirm Password field : [[ChromeDriver: chrome on windows (e58d6ace84e6af9ebb2bb415b42ddb8e)] -> xpath: //div[@class='oxd-grid-item oxd-grid-item--gutters']//div[@class='oxd-input-group oxd-input-field-bottom-space']//div//input[@type='password']]
2023-12-18 23:12:799 INFO  AddUsersPage :131 - Clicking on Save button : [[ChromeDriver: chrome on windows (e58d6ace84e6af9ebb2bb415b42ddb8e)] -> xpath: //button[normalize-space()='Save']]
2023-12-18 23:12:878 INFO  AddUsersPage :140 - Getting User Added Successfully message : Proxy element for: DefaultElementLocator 'By.xpath: //p[@class='oxd-text oxd-text--p oxd-text--toast-message oxd-toast-content-text']'
2023-12-18 23:12:671 INFO  LoginPage :45 - Send Admin to username field : [[ChromeDriver: chrome on windows (f717680eb0a3c73c6338060cf0065c8d)] -> xpath: //input[@placeholder='Username']]
2023-12-18 23:12:774 INFO  LoginPage :50 - Send admin123 to password field : [[ChromeDriver: chrome on windows (f717680eb0a3c73c6338060cf0065c8d)] -> xpath: //input[@placeholder='Password']]
2023-12-18 23:12:832 INFO  LoginPage :55 - Clicking on Login button : [[ChromeDriver: chrome on windows (f717680eb0a3c73c6338060cf0065c8d)] -> xpath: //button[normalize-space()='Login']]
2023-12-18 23:12:217 INFO  HomePage :46 - Clicking on Admin link : [[ChromeDriver: chrome on windows (f717680eb0a3c73c6338060cf0065c8d)] -> xpath: //li[1]//a[1]//span[1]]
2023-12-18 23:12:492 INFO  ViewSystemUsersPage :91 - Verifying System Users text : [[ChromeDriver: chrome on windows (f717680eb0a3c73c6338060cf0065c8d)] -> xpath: //h5[normalize-space()='System Users']]
2023-12-18 23:12:605 INFO  ViewSystemUsersPage :97 - Enter Prime78 to User Name field : [[ChromeDriver: chrome on windows (f717680eb0a3c73c6338060cf0065c8d)] -> xpath: //div[@class='oxd-input-group oxd-input-field-bottom-space']//div//input[@class='oxd-input oxd-input--active']]
2023-12-18 23:12:622 INFO  ViewSystemUsersPage :101 - Clicking on UserRole drop-down : [[ChromeDriver: chrome on windows (f717680eb0a3c73c6338060cf0065c8d)] -> xpath: //div[@class='oxd-table-filter-area']//div[2]//div[1]//div[2]//div[1]//div[1]//div[1]]
2023-12-18 23:12:772 INFO  ViewSystemUsersPage :106 - Clicking on Admin option in UserRole drop-down : [[ChromeDriver: chrome on windows (f717680eb0a3c73c6338060cf0065c8d)] -> xpath: //span[contains(text(),'Admin')]]
2023-12-18 23:12:995 INFO  ViewSystemUsersPage :117 - Clicking on Status drop-down : [[ChromeDriver: chrome on windows (f717680eb0a3c73c6338060cf0065c8d)] -> xpath: (//i)[13]]
2023-12-18 23:12:170 INFO  ViewSystemUsersPage :122 - Clicking on Disable option in Status drop-down : [[ChromeDriver: chrome on windows (f717680eb0a3c73c6338060cf0065c8d)] -> xpath: //span[normalize-space()='Disabled']]
2023-12-18 23:12:251 INFO  ViewSystemUsersPage :132 - Clicking on Search button : [[ChromeDriver: chrome on windows (f717680eb0a3c73c6338060cf0065c8d)] -> xpath: //button[normalize-space()='Search']]
2023-12-18 23:12:304 INFO  ViewSystemUsersPage :141 - Getting UserName from record : Proxy element for: DefaultElementLocator 'By.xpath: (//div[@data-v-6c07a142])[1]'
2023-12-18 23:12:939 INFO  LoginPage :45 - Send Admin to username field : [[ChromeDriver: chrome on windows (e63b745b57866c41e33187fa41b73e33)] -> xpath: //input[@placeholder='Username']]
2023-12-18 23:12:53 INFO  LoginPage :50 - Send admin123 to password field : [[ChromeDriver: chrome on windows (e63b745b57866c41e33187fa41b73e33)] -> xpath: //input[@placeholder='Password']]
2023-12-18 23:12:115 INFO  LoginPage :55 - Clicking on Login button : [[ChromeDriver: chrome on windows (e63b745b57866c41e33187fa41b73e33)] -> xpath: //button[normalize-space()='Login']]
2023-12-18 23:12:290 INFO  HomePage :46 - Clicking on Admin link : [[ChromeDriver: chrome on windows (e63b745b57866c41e33187fa41b73e33)] -> xpath: //li[1]//a[1]//span[1]]
2023-12-18 23:12:599 INFO  ViewSystemUsersPage :91 - Verifying System Users text : [[ChromeDriver: chrome on windows (e63b745b57866c41e33187fa41b73e33)] -> xpath: //h5[normalize-space()='System Users']]
2023-12-18 23:12:709 INFO  ViewSystemUsersPage :97 - Enter Prime78 to User Name field : [[ChromeDriver: chrome on windows (e63b745b57866c41e33187fa41b73e33)] -> xpath: //div[@class='oxd-input-group oxd-input-field-bottom-space']//div//input[@class='oxd-input oxd-input--active']]
2023-12-18 23:12:727 INFO  ViewSystemUsersPage :101 - Clicking on UserRole drop-down : [[ChromeDriver: chrome on windows (e63b745b57866c41e33187fa41b73e33)] -> xpath: //div[@class='oxd-table-filter-area']//div[2]//div[1]//div[2]//div[1]//div[1]//div[1]]
2023-12-18 23:12:784 INFO  ViewSystemUsersPage :106 - Clicking on Admin option in UserRole drop-down : [[ChromeDriver: chrome on windows (e63b745b57866c41e33187fa41b73e33)] -> xpath: //span[contains(text(),'Admin')]]
2023-12-18 23:12:02 INFO  ViewSystemUsersPage :117 - Clicking on Status drop-down : [[ChromeDriver: chrome on windows (e63b745b57866c41e33187fa41b73e33)] -> xpath: (//i)[13]]
2023-12-18 23:12:166 INFO  ViewSystemUsersPage :122 - Clicking on Disable option in Status drop-down : [[ChromeDriver: chrome on windows (e63b745b57866c41e33187fa41b73e33)] -> xpath: //span[normalize-space()='Disabled']]
2023-12-18 23:12:226 INFO  ViewSystemUsersPage :132 - Clicking on Search button : [[ChromeDriver: chrome on windows (e63b745b57866c41e33187fa41b73e33)] -> xpath: //button[normalize-space()='Search']]
2023-12-18 23:12:267 INFO  ViewSystemUsersPage :141 - Getting UserName from record : Proxy element for: DefaultElementLocator 'By.xpath: (//div[@data-v-6c07a142])[1]'
2023-12-18 23:12:321 INFO  LoginPage :45 - Send Admin to username field : [[ChromeDriver: chrome on windows (22ba4cd93c49affbdf8effa5742e60cc)] -> xpath: //input[@placeholder='Username']]
2023-12-18 23:12:420 INFO  LoginPage :50 - Send admin123 to password field : [[ChromeDriver: chrome on windows (22ba4cd93c49affbdf8effa5742e60cc)] -> xpath: //input[@placeholder='Password']]
2023-12-18 23:12:474 INFO  LoginPage :55 - Clicking on Login button : [[ChromeDriver: chrome on windows (22ba4cd93c49affbdf8effa5742e60cc)] -> xpath: //button[normalize-space()='Login']]
2023-12-18 23:12:759 INFO  HomePage :46 - Clicking on Admin link : [[ChromeDriver: chrome on windows (22ba4cd93c49affbdf8effa5742e60cc)] -> xpath: //li[1]//a[1]//span[1]]
2023-12-18 23:12:964 INFO  ViewSystemUsersPage :91 - Verifying System Users text : [[ChromeDriver: chrome on windows (22ba4cd93c49affbdf8effa5742e60cc)] -> xpath: //h5[normalize-space()='System Users']]
2023-12-18 23:12:91 INFO  ViewSystemUsersPage :97 - Enter Admin to User Name field : [[ChromeDriver: chrome on windows (22ba4cd93c49affbdf8effa5742e60cc)] -> xpath: //div[@class='oxd-input-group oxd-input-field-bottom-space']//div//input[@class='oxd-input oxd-input--active']]
2023-12-18 23:12:109 INFO  ViewSystemUsersPage :101 - Clicking on UserRole drop-down : [[ChromeDriver: chrome on windows (22ba4cd93c49affbdf8effa5742e60cc)] -> xpath: //div[@class='oxd-table-filter-area']//div[2]//div[1]//div[2]//div[1]//div[1]//div[1]]
2023-12-18 23:12:280 INFO  ViewSystemUsersPage :111 - Clicking on ESS option in UserRole drop-down : [[ChromeDriver: chrome on windows (22ba4cd93c49affbdf8effa5742e60cc)] -> xpath: //span[contains(text(),'ESS')]]
2023-12-18 23:12:521 INFO  ViewSystemUsersPage :117 - Clicking on Status drop-down : [[ChromeDriver: chrome on windows (22ba4cd93c49affbdf8effa5742e60cc)] -> xpath: (//i)[13]]
2023-12-18 23:12:684 INFO  ViewSystemUsersPage :122 - Clicking on Disable option in Status drop-down : [[ChromeDriver: chrome on windows (22ba4cd93c49affbdf8effa5742e60cc)] -> xpath: //span[normalize-space()='Disabled']]
2023-12-18 23:12:751 INFO  ViewSystemUsersPage :132 - Clicking on Search button : [[ChromeDriver: chrome on windows (22ba4cd93c49affbdf8effa5742e60cc)] -> xpath: //button[normalize-space()='Search']]
2023-12-18 23:12:777 INFO  ViewSystemUsersPage :166 - Getting OneRecord Found message : Proxy element for: DefaultElementLocator 'By.xpath: //span[normalize-space()='(1) Record Found']'
2023-12-18 23:12:118 INFO  LoginPage :45 - Send Admin to username field : [[ChromeDriver: chrome on windows (eba29658bcbf35cba887c295bafaaaea)] -> xpath: //input[@placeholder='Username']]
2023-12-18 23:12:205 INFO  LoginPage :50 - Send admin123 to password field : [[ChromeDriver: chrome on windows (eba29658bcbf35cba887c295bafaaaea)] -> xpath: //input[@placeholder='Password']]
2023-12-18 23:12:265 INFO  LoginPage :55 - Clicking on Login button : [[ChromeDriver: chrome on windows (eba29658bcbf35cba887c295bafaaaea)] -> xpath: //button[normalize-space()='Login']]
2023-12-18 23:12:509 INFO  HomePage :46 - Clicking on Admin link : [[ChromeDriver: chrome on windows (eba29658bcbf35cba887c295bafaaaea)] -> xpath: //li[1]//a[1]//span[1]]
2023-12-18 23:12:16 INFO  ViewSystemUsersPage :91 - Verifying System Users text : [[ChromeDriver: chrome on windows (eba29658bcbf35cba887c295bafaaaea)] -> xpath: //h5[normalize-space()='System Users']]
2023-12-18 23:12:123 INFO  ViewSystemUsersPage :97 - Enter Nina.Patel to User Name field : [[ChromeDriver: chrome on windows (eba29658bcbf35cba887c295bafaaaea)] -> xpath: //div[@class='oxd-input-group oxd-input-field-bottom-space']//div//input[@class='oxd-input oxd-input--active']]
2023-12-18 23:12:141 INFO  ViewSystemUsersPage :101 - Clicking on UserRole drop-down : [[ChromeDriver: chrome on windows (eba29658bcbf35cba887c295bafaaaea)] -> xpath: //div[@class='oxd-table-filter-area']//div[2]//div[1]//div[2]//div[1]//div[1]//div[1]]
2023-12-18 23:12:208 INFO  ViewSystemUsersPage :111 - Clicking on ESS option in UserRole drop-down : [[ChromeDriver: chrome on windows (eba29658bcbf35cba887c295bafaaaea)] -> xpath: //span[contains(text(),'ESS')]]
2023-12-18 23:12:482 INFO  ViewSystemUsersPage :117 - Clicking on Status drop-down : [[ChromeDriver: chrome on windows (eba29658bcbf35cba887c295bafaaaea)] -> xpath: (//i)[13]]
2023-12-18 23:12:650 INFO  ViewSystemUsersPage :122 - Clicking on Disable option in Status drop-down : [[ChromeDriver: chrome on windows (eba29658bcbf35cba887c295bafaaaea)] -> xpath: //span[normalize-space()='Disabled']]
2023-12-18 23:12:720 INFO  ViewSystemUsersPage :132 - Clicking on Search button : [[ChromeDriver: chrome on windows (eba29658bcbf35cba887c295bafaaaea)] -> xpath: //button[normalize-space()='Search']]
2023-12-18 23:12:736 INFO  ViewSystemUsersPage :166 - Getting OneRecord Found message : Proxy element for: DefaultElementLocator 'By.xpath: //span[normalize-space()='(1) Record Found']'
2023-12-19 10:12:681 INFO  LoginPage :45 - Send Admin to username field : [[ChromeDriver: chrome on windows (29dfbe6ab889f8fbcaa08200c2fe6359)] -> xpath: //input[@placeholder='Username']]
2023-12-19 10:12:768 INFO  LoginPage :50 - Send admin123 to password field : [[ChromeDriver: chrome on windows (29dfbe6ab889f8fbcaa08200c2fe6359)] -> xpath: //input[@placeholder='Password']]
2023-12-19 10:12:838 INFO  LoginPage :55 - Clicking on Login button : [[ChromeDriver: chrome on windows (29dfbe6ab889f8fbcaa08200c2fe6359)] -> xpath: //button[normalize-space()='Login']]
2023-12-19 10:12:33 INFO  DashboardPage :27 - Getting text from : [[ChromeDriver: chrome on windows (29dfbe6ab889f8fbcaa08200c2fe6359)] -> xpath: //h6[normalize-space()='Dashboard']]
2023-12-19 10:12:373 INFO  LoginPage :45 - Send Admin to username field : [[ChromeDriver: chrome on windows (a645edda70c0c23ad00d26a98ac4f760)] -> xpath: //input[@placeholder='Username']]
2023-12-19 10:12:496 INFO  LoginPage :50 - Send admin123 to password field : [[ChromeDriver: chrome on windows (a645edda70c0c23ad00d26a98ac4f760)] -> xpath: //input[@placeholder='Password']]
2023-12-19 10:12:572 INFO  LoginPage :55 - Clicking on Login button : [[ChromeDriver: chrome on windows (a645edda70c0c23ad00d26a98ac4f760)] -> xpath: //button[normalize-space()='Login']]
2023-12-19 10:12:685 INFO  HomePage :40 - Verifying orangeHRM Logo from : [[ChromeDriver: chrome on windows (a645edda70c0c23ad00d26a98ac4f760)] -> xpath: //img[@alt='client brand banner']]
2023-12-19 10:12:213 INFO  LoginPage :45 - Send Admin to username field : [[ChromeDriver: chrome on windows (cfbb10ef73cd50b2c7be5e8a2ab6557e)] -> xpath: //input[@placeholder='Username']]
2023-12-19 10:12:361 INFO  LoginPage :50 - Send admin123 to password field : [[ChromeDriver: chrome on windows (cfbb10ef73cd50b2c7be5e8a2ab6557e)] -> xpath: //input[@placeholder='Password']]
2023-12-19 10:12:469 INFO  LoginPage :55 - Clicking on Login button : [[ChromeDriver: chrome on windows (cfbb10ef73cd50b2c7be5e8a2ab6557e)] -> xpath: //button[normalize-space()='Login']]
2023-12-19 10:12:665 INFO  DashboardPage :33 - Clicking on user profile logo : [[ChromeDriver: chrome on windows (cfbb10ef73cd50b2c7be5e8a2ab6557e)] -> xpath: //img[@class='oxd-userdropdown-img']]
2023-12-19 10:12:453 INFO  DashboardPage :38 - Clicking on logout link : [[ChromeDriver: chrome on windows (cfbb10ef73cd50b2c7be5e8a2ab6557e)] -> xpath: //a[normalize-space()='Logout']]
2023-12-19 10:12:533 INFO  LoginPage :59 - Verify text for login panel : Proxy element for: DefaultElementLocator 'By.xpath: //h5[normalize-space()='Login']'
2023-12-19 10:12:189 INFO  LoginPage :45 - Send  to username field : [[ChromeDriver: chrome on windows (385993284df801c443e0e25b7be6b067)] -> xpath: //input[@placeholder='Username']]
2023-12-19 10:12:406 INFO  LoginPage :50 - Send  to password field : [[ChromeDriver: chrome on windows (385993284df801c443e0e25b7be6b067)] -> xpath: //input[@placeholder='Password']]
2023-12-19 10:12:492 INFO  LoginPage :55 - Clicking on Login button : [[ChromeDriver: chrome on windows (385993284df801c443e0e25b7be6b067)] -> xpath: //button[normalize-space()='Login']]
2023-12-19 10:12:521 INFO  LoginPage :64 - Getting username field blank error message : [[ChromeDriver: chrome on windows (385993284df801c443e0e25b7be6b067)] -> xpath: //div[@class='orangehrm-login-slot-wrapper']//div[1]//div[1]//span[1]]
2023-12-19 10:12:75 INFO  LoginPage :45 - Send test123@gmail.com to username field : [[ChromeDriver: chrome on windows (8b954a2966ddabffb3665a93a5936e00)] -> xpath: //input[@placeholder='Username']]
2023-12-19 10:12:165 INFO  LoginPage :50 - Send  to password field : [[ChromeDriver: chrome on windows (8b954a2966ddabffb3665a93a5936e00)] -> xpath: //input[@placeholder='Password']]
2023-12-19 10:12:234 INFO  LoginPage :55 - Clicking on Login button : [[ChromeDriver: chrome on windows (8b954a2966ddabffb3665a93a5936e00)] -> xpath: //button[normalize-space()='Login']]
2023-12-19 10:12:249 INFO  LoginPage :69 - Getting password field blank error message : [[ChromeDriver: chrome on windows (8b954a2966ddabffb3665a93a5936e00)] -> xpath: //span[@class='oxd-text oxd-text--span oxd-input-field-error-message oxd-input-group__message']]
2023-12-19 10:12:319 INFO  LoginPage :45 - Send  to username field : [[ChromeDriver: chrome on windows (9cbbbc390e33d651cadba6608cbf8734)] -> xpath: //input[@placeholder='Username']]
2023-12-19 10:12:403 INFO  LoginPage :50 - Send test123 to password field : [[ChromeDriver: chrome on windows (9cbbbc390e33d651cadba6608cbf8734)] -> xpath: //input[@placeholder='Password']]
2023-12-19 10:12:456 INFO  LoginPage :55 - Clicking on Login button : [[ChromeDriver: chrome on windows (9cbbbc390e33d651cadba6608cbf8734)] -> xpath: //button[normalize-space()='Login']]
2023-12-19 10:12:474 INFO  LoginPage :64 - Getting username field blank error message : [[ChromeDriver: chrome on windows (9cbbbc390e33d651cadba6608cbf8734)] -> xpath: //div[@class='orangehrm-login-slot-wrapper']//div[1]//div[1]//span[1]]
2023-12-19 10:12:623 INFO  LoginPage :45 - Send test123@gmail.com to username field : [[ChromeDriver: chrome on windows (790c89eeb0ce229901d6be3718b2c91c)] -> xpath: //input[@placeholder='Username']]
2023-12-19 10:12:701 INFO  LoginPage :50 - Send test123 to password field : [[ChromeDriver: chrome on windows (790c89eeb0ce229901d6be3718b2c91c)] -> xpath: //input[@placeholder='Password']]
2023-12-19 10:12:761 INFO  LoginPage :55 - Clicking on Login button : [[ChromeDriver: chrome on windows (790c89eeb0ce229901d6be3718b2c91c)] -> xpath: //button[normalize-space()='Login']]
2023-12-19 10:12:336 INFO  LoginPage :74 - Getting invalid credential error message : [[ChromeDriver: chrome on windows (790c89eeb0ce229901d6be3718b2c91c)] -> xpath: //p[@class='oxd-text oxd-text--p oxd-alert-content-text']]
2023-12-19 10:12:521 INFO  LoginPage :45 - Send Admin to username field : [[ChromeDriver: chrome on windows (371986c65513c74ba538ba65764d34c5)] -> xpath: //input[@placeholder='Username']]
2023-12-19 10:12:620 INFO  LoginPage :50 - Send admin123 to password field : [[ChromeDriver: chrome on windows (371986c65513c74ba538ba65764d34c5)] -> xpath: //input[@placeholder='Password']]
2023-12-19 10:12:683 INFO  LoginPage :55 - Clicking on Login button : [[ChromeDriver: chrome on windows (371986c65513c74ba538ba65764d34c5)] -> xpath: //button[normalize-space()='Login']]
2023-12-19 10:12:82 INFO  HomePage :46 - Clicking on Admin link : [[ChromeDriver: chrome on windows (371986c65513c74ba538ba65764d34c5)] -> xpath: //li[1]//a[1]//span[1]]
2023-12-19 10:12:361 INFO  ViewSystemUsersPage :91 - Verifying System Users text : [[ChromeDriver: chrome on windows (371986c65513c74ba538ba65764d34c5)] -> xpath: //h5[normalize-space()='System Users']]
2023-12-19 10:12:730 INFO  ViewSystemUsersPage :162 - Clicking on Add button : [[ChromeDriver: chrome on windows (371986c65513c74ba538ba65764d34c5)] -> xpath: //button[normalize-space()='Add']]
2023-12-19 10:12:935 INFO  AddUsersPage :75 - Verifying AddUser text from : [[ChromeDriver: chrome on windows (371986c65513c74ba538ba65764d34c5)] -> xpath: //h6[normalize-space()='Add User']]
2023-12-19 10:12:970 INFO  AddUsersPage :80 - Clicking on UserRole drop-down : [[ChromeDriver: chrome on windows (371986c65513c74ba538ba65764d34c5)] -> xpath: (//div[@class = 'oxd-select-wrapper'])[1]]
2023-12-19 10:12:136 INFO  AddUsersPage :85 - Clicking on Admin option in UserRole drop-down : [[ChromeDriver: chrome on windows (371986c65513c74ba538ba65764d34c5)] -> xpath: //span[contains(text(),'Admin')]]
2023-12-19 10:12:323 INFO  AddUsersPage :96 - Enter Peter Mac Anderson to Employee Name field : [[ChromeDriver: chrome on windows (371986c65513c74ba538ba65764d34c5)] -> xpath: //input[@placeholder='Type for hints...']]
2023-12-19 10:12:421 INFO  AddUsersPage :116 - Enter Prime78 to User Name field : [[ChromeDriver: chrome on windows (371986c65513c74ba538ba65764d34c5)] -> xpath: //div[@class = 'oxd-form-row']//input[@class = 'oxd-input oxd-input--active']]
2023-12-19 10:12:476 INFO  AddUsersPage :101 - Clicking on Status drop-down : [[ChromeDriver: chrome on windows (371986c65513c74ba538ba65764d34c5)] -> xpath: //div[contains(text(),'-- Select --')]]
2023-12-19 10:12:621 INFO  AddUsersPage :106 - Clicking on Disable option in Status drop-down : [[ChromeDriver: chrome on windows (371986c65513c74ba538ba65764d34c5)] -> xpath: //span[normalize-space()='Disabled']]
2023-12-19 10:12:705 INFO  AddUsersPage :121 - Enter prime123 to Password field : [[ChromeDriver: chrome on windows (371986c65513c74ba538ba65764d34c5)] -> xpath: //div[@class='oxd-grid-item oxd-grid-item--gutters user-password-cell']//div[@class='oxd-input-group oxd-input-field-bottom-space']//div//input[@type='password']]
2023-12-19 10:12:792 INFO  AddUsersPage :126 - Enter prime123 to Confirm Password field : [[ChromeDriver: chrome on windows (371986c65513c74ba538ba65764d34c5)] -> xpath: //div[@class='oxd-grid-item oxd-grid-item--gutters']//div[@class='oxd-input-group oxd-input-field-bottom-space']//div//input[@type='password']]
2023-12-19 10:12:847 INFO  AddUsersPage :131 - Clicking on Save button : [[ChromeDriver: chrome on windows (371986c65513c74ba538ba65764d34c5)] -> xpath: //button[normalize-space()='Save']]
2023-12-19 10:12:868 INFO  AddUsersPage :140 - Getting User Added Successfully message : Proxy element for: DefaultElementLocator 'By.xpath: //p[@class='oxd-text oxd-text--p oxd-text--toast-message oxd-toast-content-text']'
2023-12-19 10:12:359 INFO  LoginPage :45 - Send Admin to username field : [[ChromeDriver: chrome on windows (437a2459940146a7d3c88b1167a9f4c5)] -> xpath: //input[@placeholder='Username']]
2023-12-19 10:12:483 INFO  LoginPage :50 - Send admin123 to password field : [[ChromeDriver: chrome on windows (437a2459940146a7d3c88b1167a9f4c5)] -> xpath: //input[@placeholder='Password']]
2023-12-19 10:12:554 INFO  LoginPage :55 - Clicking on Login button : [[ChromeDriver: chrome on windows (437a2459940146a7d3c88b1167a9f4c5)] -> xpath: //button[normalize-space()='Login']]
2023-12-19 10:12:950 INFO  HomePage :46 - Clicking on Admin link : [[ChromeDriver: chrome on windows (437a2459940146a7d3c88b1167a9f4c5)] -> xpath: //li[1]//a[1]//span[1]]
2023-12-19 10:12:189 INFO  ViewSystemUsersPage :91 - Verifying System Users text : [[ChromeDriver: chrome on windows (437a2459940146a7d3c88b1167a9f4c5)] -> xpath: //h5[normalize-space()='System Users']]
2023-12-19 10:12:303 INFO  ViewSystemUsersPage :97 - Enter Prime78 to User Name field : [[ChromeDriver: chrome on windows (437a2459940146a7d3c88b1167a9f4c5)] -> xpath: //div[@class='oxd-input-group oxd-input-field-bottom-space']//div//input[@class='oxd-input oxd-input--active']]
2023-12-19 10:12:320 INFO  ViewSystemUsersPage :101 - Clicking on UserRole drop-down : [[ChromeDriver: chrome on windows (437a2459940146a7d3c88b1167a9f4c5)] -> xpath: //div[@class='oxd-table-filter-area']//div[2]//div[1]//div[2]//div[1]//div[1]//div[1]]
2023-12-19 10:12:376 INFO  ViewSystemUsersPage :106 - Clicking on Admin option in UserRole drop-down : [[ChromeDriver: chrome on windows (437a2459940146a7d3c88b1167a9f4c5)] -> xpath: //span[contains(text(),'Admin')]]
2023-12-19 10:12:647 INFO  ViewSystemUsersPage :117 - Clicking on Status drop-down : [[ChromeDriver: chrome on windows (437a2459940146a7d3c88b1167a9f4c5)] -> xpath: (//i)[13]]
2023-12-19 10:12:787 INFO  ViewSystemUsersPage :122 - Clicking on Disable option in Status drop-down : [[ChromeDriver: chrome on windows (437a2459940146a7d3c88b1167a9f4c5)] -> xpath: //span[normalize-space()='Disabled']]
2023-12-19 10:12:832 INFO  ViewSystemUsersPage :132 - Clicking on Search button : [[ChromeDriver: chrome on windows (437a2459940146a7d3c88b1167a9f4c5)] -> xpath: //button[normalize-space()='Search']]
2023-12-19 10:12:847 INFO  ViewSystemUsersPage :141 - Getting UserName from record : Proxy element for: DefaultElementLocator 'By.xpath: (//div[@data-v-6c07a142])[1]'
2023-12-19 10:12:837 INFO  LoginPage :45 - Send Admin to username field : [[ChromeDriver: chrome on windows (6de394c9cdbb04295d5acca032bb5157)] -> xpath: //input[@placeholder='Username']]
2023-12-19 10:12:923 INFO  LoginPage :50 - Send admin123 to password field : [[ChromeDriver: chrome on windows (6de394c9cdbb04295d5acca032bb5157)] -> xpath: //input[@placeholder='Password']]
2023-12-19 10:12:980 INFO  LoginPage :55 - Clicking on Login button : [[ChromeDriver: chrome on windows (6de394c9cdbb04295d5acca032bb5157)] -> xpath: //button[normalize-space()='Login']]
2023-12-19 10:12:166 INFO  HomePage :46 - Clicking on Admin link : [[ChromeDriver: chrome on windows (6de394c9cdbb04295d5acca032bb5157)] -> xpath: //li[1]//a[1]//span[1]]
2023-12-19 10:12:416 INFO  ViewSystemUsersPage :91 - Verifying System Users text : [[ChromeDriver: chrome on windows (6de394c9cdbb04295d5acca032bb5157)] -> xpath: //h5[normalize-space()='System Users']]
2023-12-19 10:12:566 INFO  ViewSystemUsersPage :97 - Enter Prime78 to User Name field : [[ChromeDriver: chrome on windows (6de394c9cdbb04295d5acca032bb5157)] -> xpath: //div[@class='oxd-input-group oxd-input-field-bottom-space']//div//input[@class='oxd-input oxd-input--active']]
2023-12-19 10:12:582 INFO  ViewSystemUsersPage :101 - Clicking on UserRole drop-down : [[ChromeDriver: chrome on windows (6de394c9cdbb04295d5acca032bb5157)] -> xpath: //div[@class='oxd-table-filter-area']//div[2]//div[1]//div[2]//div[1]//div[1]//div[1]]
2023-12-19 10:12:757 INFO  ViewSystemUsersPage :106 - Clicking on Admin option in UserRole drop-down : [[ChromeDriver: chrome on windows (6de394c9cdbb04295d5acca032bb5157)] -> xpath: //span[contains(text(),'Admin')]]
2023-12-19 10:12:963 INFO  ViewSystemUsersPage :117 - Clicking on Status drop-down : [[ChromeDriver: chrome on windows (6de394c9cdbb04295d5acca032bb5157)] -> xpath: (//i)[13]]
2023-12-19 10:12:126 INFO  ViewSystemUsersPage :122 - Clicking on Disable option in Status drop-down : [[ChromeDriver: chrome on windows (6de394c9cdbb04295d5acca032bb5157)] -> xpath: //span[normalize-space()='Disabled']]
2023-12-19 10:12:183 INFO  ViewSystemUsersPage :132 - Clicking on Search button : [[ChromeDriver: chrome on windows (6de394c9cdbb04295d5acca032bb5157)] -> xpath: //button[normalize-space()='Search']]
2023-12-19 10:12:227 INFO  ViewSystemUsersPage :141 - Getting UserName from record : Proxy element for: DefaultElementLocator 'By.xpath: (//div[@data-v-6c07a142])[1]'
2023-12-19 10:12:169 INFO  LoginPage :45 - Send Admin to username field : [[ChromeDriver: chrome on windows (2f8a7b83d8e464afd36f555f35172d59)] -> xpath: //input[@placeholder='Username']]
2023-12-19 10:12:255 INFO  LoginPage :50 - Send admin123 to password field : [[ChromeDriver: chrome on windows (2f8a7b83d8e464afd36f555f35172d59)] -> xpath: //input[@placeholder='Password']]
2023-12-19 10:12:319 INFO  LoginPage :55 - Clicking on Login button : [[ChromeDriver: chrome on windows (2f8a7b83d8e464afd36f555f35172d59)] -> xpath: //button[normalize-space()='Login']]
2023-12-19 10:12:954 INFO  HomePage :46 - Clicking on Admin link : [[ChromeDriver: chrome on windows (2f8a7b83d8e464afd36f555f35172d59)] -> xpath: //li[1]//a[1]//span[1]]
2023-12-19 10:12:216 INFO  ViewSystemUsersPage :91 - Verifying System Users text : [[ChromeDriver: chrome on windows (2f8a7b83d8e464afd36f555f35172d59)] -> xpath: //h5[normalize-space()='System Users']]
2023-12-19 10:12:322 INFO  ViewSystemUsersPage :97 - Enter Admin to User Name field : [[ChromeDriver: chrome on windows (2f8a7b83d8e464afd36f555f35172d59)] -> xpath: //div[@class='oxd-input-group oxd-input-field-bottom-space']//div//input[@class='oxd-input oxd-input--active']]
2023-12-19 10:12:343 INFO  ViewSystemUsersPage :101 - Clicking on UserRole drop-down : [[ChromeDriver: chrome on windows (2f8a7b83d8e464afd36f555f35172d59)] -> xpath: //div[@class='oxd-table-filter-area']//div[2]//div[1]//div[2]//div[1]//div[1]//div[1]]
2023-12-19 10:12:396 INFO  ViewSystemUsersPage :111 - Clicking on ESS option in UserRole drop-down : [[ChromeDriver: chrome on windows (2f8a7b83d8e464afd36f555f35172d59)] -> xpath: //span[contains(text(),'ESS')]]
2023-12-19 10:12:586 INFO  ViewSystemUsersPage :117 - Clicking on Status drop-down : [[ChromeDriver: chrome on windows (2f8a7b83d8e464afd36f555f35172d59)] -> xpath: (//i)[13]]
2023-12-19 10:12:741 INFO  ViewSystemUsersPage :122 - Clicking on Disable option in Status drop-down : [[ChromeDriver: chrome on windows (2f8a7b83d8e464afd36f555f35172d59)] -> xpath: //span[normalize-space()='Disabled']]
2023-12-19 10:12:813 INFO  ViewSystemUsersPage :132 - Clicking on Search button : [[ChromeDriver: chrome on windows (2f8a7b83d8e464afd36f555f35172d59)] -> xpath: //button[normalize-space()='Search']]
2023-12-19 10:12:868 INFO  ViewSystemUsersPage :166 - Getting OneRecord Found message : Proxy element for: DefaultElementLocator 'By.xpath: //span[normalize-space()='(1) Record Found']'
2023-12-19 10:12:399 INFO  LoginPage :45 - Send Admin to username field : [[ChromeDriver: chrome on windows (8d083b4185a37088ecb2856dbe814298)] -> xpath: //input[@placeholder='Username']]
2023-12-19 10:12:492 INFO  LoginPage :50 - Send admin123 to password field : [[ChromeDriver: chrome on windows (8d083b4185a37088ecb2856dbe814298)] -> xpath: //input[@placeholder='Password']]
2023-12-19 10:12:812 INFO  LoginPage :55 - Clicking on Login button : [[ChromeDriver: chrome on windows (8d083b4185a37088ecb2856dbe814298)] -> xpath: //button[normalize-space()='Login']]
2023-12-19 10:12:193 INFO  HomePage :46 - Clicking on Admin link : [[ChromeDriver: chrome on windows (8d083b4185a37088ecb2856dbe814298)] -> xpath: //li[1]//a[1]//span[1]]
2023-12-19 10:12:614 INFO  ViewSystemUsersPage :91 - Verifying System Users text : [[ChromeDriver: chrome on windows (8d083b4185a37088ecb2856dbe814298)] -> xpath: //h5[normalize-space()='System Users']]
2023-12-19 10:12:768 INFO  ViewSystemUsersPage :97 - Enter Nina.Patel to User Name field : [[ChromeDriver: chrome on windows (8d083b4185a37088ecb2856dbe814298)] -> xpath: //div[@class='oxd-input-group oxd-input-field-bottom-space']//div//input[@class='oxd-input oxd-input--active']]
2023-12-19 10:12:785 INFO  ViewSystemUsersPage :101 - Clicking on UserRole drop-down : [[ChromeDriver: chrome on windows (8d083b4185a37088ecb2856dbe814298)] -> xpath: //div[@class='oxd-table-filter-area']//div[2]//div[1]//div[2]//div[1]//div[1]//div[1]]
2023-12-19 10:12:935 INFO  ViewSystemUsersPage :111 - Clicking on ESS option in UserRole drop-down : [[ChromeDriver: chrome on windows (8d083b4185a37088ecb2856dbe814298)] -> xpath: //span[contains(text(),'ESS')]]
2023-12-19 10:12:166 INFO  ViewSystemUsersPage :117 - Clicking on Status drop-down : [[ChromeDriver: chrome on windows (8d083b4185a37088ecb2856dbe814298)] -> xpath: (//i)[13]]
2023-12-19 10:12:328 INFO  ViewSystemUsersPage :122 - Clicking on Disable option in Status drop-down : [[ChromeDriver: chrome on windows (8d083b4185a37088ecb2856dbe814298)] -> xpath: //span[normalize-space()='Disabled']]
2023-12-19 10:12:404 INFO  ViewSystemUsersPage :132 - Clicking on Search button : [[ChromeDriver: chrome on windows (8d083b4185a37088ecb2856dbe814298)] -> xpath: //button[normalize-space()='Search']]
2023-12-19 10:12:455 INFO  ViewSystemUsersPage :166 - Getting OneRecord Found message : Proxy element for: DefaultElementLocator 'By.xpath: //span[normalize-space()='(1) Record Found']'
